Log file open, 10/21/20 11:09:42
LogWindows: Failed to load 'aqProf.dll' (GetLastError=126)
LogWindows: File 'aqProf.dll' does not exist
LogWindows: Failed to load 'VtuneApi.dll' (GetLastError=126)
LogWindows: File 'VtuneApi.dll' does not exist
LogWindows: Failed to load 'VtuneApi32e.dll' (GetLastError=126)
LogWindows: File 'VtuneApi32e.dll' does not exist
LogConsoleResponse: Display: Failed to find resolution value strings in scalability ini. Falling back to default.
LogInit: Display: Running engine for game: KWillardSideScroller
LogPlatformFile: Not using cached read wrapper
LogTaskGraph: Started task graph with 5 named threads and 23 total threads with 3 sets of task threads.
LogStats: Stats thread started at 0.525226
LogD3D11RHI: Loaded GFSDK_Aftermath_Lib.x64.dll
LogICUInternationalization: ICU TimeZone Detection - Raw Offset: -8:00, Platform Override: ''
LogPluginManager: Mounting plugin Paper2D
LogPluginManager: Mounting plugin AISupport
LogPluginManager: Mounting plugin LightPropagationVolume
LogPluginManager: Mounting plugin ActorLayerUtilities
LogPluginManager: Mounting plugin AnimationSharing
LogPluginManager: Mounting plugin CLionSourceCodeAccess
LogPluginManager: Mounting plugin CodeLiteSourceCodeAccess
LogPluginManager: Mounting plugin GitSourceControl
LogPluginManager: Mounting plugin KDevelopSourceCodeAccess
LogPluginManager: Mounting plugin NullSourceCodeAccess
LogPluginManager: Mounting plugin PerforceSourceControl
LogPluginManager: Mounting plugin PlasticSourceControl
LogPluginManager: Mounting plugin SubversionSourceControl
LogPluginManager: Mounting plugin UObjectPlugin
LogPluginManager: Mounting plugin VisualStudioCodeSourceCodeAccess
LogPluginManager: Mounting plugin VisualStudioSourceCodeAccess
LogPluginManager: Mounting plugin XCodeSourceCodeAccess
LogPluginManager: Mounting plugin AssetManagerEditor
LogPluginManager: Mounting plugin CryptoKeys
LogPluginManager: Mounting plugin CurveEditorTools
LogPluginManager: Mounting plugin DataValidation
LogPluginManager: Mounting plugin FacialAnimation
LogPluginManager: Mounting plugin GameplayTagsEditor
LogPluginManager: Mounting plugin MacGraphicsSwitching
LogPluginManager: Mounting plugin MaterialAnalyzer
LogPluginManager: Mounting plugin MobileLauncherProfileWizard
LogPluginManager: Mounting plugin PluginBrowser
LogPluginManager: Mounting plugin SpeedTreeImporter
LogPluginManager: Mounting plugin DatasmithContent
LogPluginManager: Mounting plugin VariantManagerContent
LogPluginManager: Mounting plugin AlembicImporter
LogPluginManager: Mounting plugin AutomationUtils
LogPluginManager: Mounting plugin BackChannel
LogPluginManager: Mounting plugin CharacterAI
LogPluginManager: Mounting plugin GeometryCache
LogPluginManager: Mounting plugin PlatformCrypto
LogPluginManager: Mounting plugin ProxyLODPlugin
LogPluginManager: Mounting plugin SkeletalReduction
LogPluginManager: Mounting plugin MagicLeap
LogPluginManager: Mounting plugin MagicLeapMedia
LogPluginManager: Mounting plugin MLSDK
LogPluginManager: Mounting plugin AndroidMedia
LogPluginManager: Mounting plugin AvfMedia
LogPluginManager: Mounting plugin ImgMedia
LogPluginManager: Mounting plugin MediaCompositing
LogPluginManager: Mounting plugin MediaPlayerEditor
LogPluginManager: Mounting plugin WebMMedia
LogPluginManager: Mounting plugin WmfMedia
LogPluginManager: Mounting plugin TcpMessaging
LogPluginManager: Mounting plugin UdpMessaging
LogPluginManager: Mounting plugin ActorSequence
LogPluginManager: Mounting plugin LevelSequenceEditor
LogPluginManager: Mounting plugin MatineeToLevelSequence
LogPluginManager: Mounting plugin NetcodeUnitTest
LogPluginManager: Mounting plugin NUTUnrealEngine4
LogPluginManager: Mounting plugin OnlineSubsystemGooglePlay
LogPluginManager: Mounting plugin OnlineSubsystemIOS
LogPluginManager: Mounting plugin OnlineSubsystem
LogPluginManager: Mounting plugin OnlineSubsystemNull
LogPluginManager: Mounting plugin OnlineSubsystemUtils
LogPluginManager: Mounting plugin LauncherChunkInstaller
LogPluginManager: Mounting plugin AndroidDeviceProfileSelector
LogPluginManager: Mounting plugin AndroidMoviePlayer
LogPluginManager: Mounting plugin AndroidPermission
LogPluginManager: Mounting plugin AppleImageUtils
LogPluginManager: Mounting plugin AppleMoviePlayer
LogPluginManager: Mounting plugin ArchVisCharacter
LogPluginManager: Mounting plugin AssetTags
LogPluginManager: Mounting plugin AudioCapture
LogPluginManager: Mounting plugin CableComponent
LogPluginManager: Mounting plugin CustomMeshComponent
LogPluginManager: Mounting plugin EditableMesh
LogPluginManager: Mounting plugin ExampleDeviceProfileSelector
LogPluginManager: Mounting plugin GoogleCloudMessaging
LogPluginManager: Mounting plugin IOSDeviceProfileSelector
LogPluginManager: Mounting plugin LinuxDeviceProfileSelector
LogPluginManager: Mounting plugin LocationServicesBPLibrary
LogPluginManager: Mounting plugin MobilePatchingUtils
LogPluginManager: Mounting plugin OculusVR
LogPluginManager: Mounting plugin PhysXVehicles
LogPluginManager: Mounting plugin PostSplashScreen
LogPluginManager: Mounting plugin ProceduralMeshComponent
LogPluginManager: Mounting plugin RuntimePhysXCooking
LogPluginManager: Mounting plugin SignificanceManager
LogPluginManager: Mounting plugin SteamVR
LogPluginManager: Mounting plugin WebMMoviePlayer
LogPluginManager: Mounting plugin WindowsMoviePlayer
LogPluginManager: Mounting plugin ScreenshotTools
LogInit: Using libcurl 7.55.1-DEV
LogInit:  - built for x86_64-pc-win32
LogInit:  - supports SSL with OpenSSL/1.1.1
LogInit:  - supports HTTP deflate (compression) using libz 1.2.8
LogInit:  - other features:
LogInit:      CURL_VERSION_SSL
LogInit:      CURL_VERSION_LIBZ
LogInit:      CURL_VERSION_IPV6
LogInit:      CURL_VERSION_ASYNCHDNS
LogInit:      CURL_VERSION_LARGEFILE
LogInit:      CURL_VERSION_IDN
LogInit:  CurlRequestOptions (configurable via config and command line):
LogInit:  - bVerifyPeer = true  - Libcurl will verify peer certificate
LogInit:  - bUseHttpProxy = false  - Libcurl will NOT use HTTP proxy
LogInit:  - bDontReuseConnections = false  - Libcurl will reuse connections
LogInit:  - MaxHostConnections = 16  - Libcurl will limit the number of connections to a host
LogInit:  - LocalHostAddr = Default
LogInit:  - BufferSize = 65536
LogOnline: OSS: Creating online subsystem instance for: NULL
LogInit: WinSock: version 1.1 (2.2), MaxSocks=32767, MaxUdp=65467
LogOnline: OSS: TryLoadSubsystemAndSetDefault: Loaded subsystem for module [NULL]
LogInit: Build: ++UE4+Release-4.24-CL-11590370
LogInit: Engine Version: 4.24.3-11590370+++UE4+Release-4.24
LogInit: Compatible Engine Version: 4.24.0-10570792+++UE4+Release-4.24
LogInit: Net CL: 10570792
LogInit: OS: Windows 7 (Service Pack 1), CPU: Intel(R) Core(TM) i7-4790K CPU @ 4.00GHz, GPU: NVIDIA GeForce GTX 980
LogInit: Compiled (64-bit): Feb 24 2020 15:39:18
LogInit: Compiled with Visual C++: 19.16.27032.01
LogInit: Build Configuration: Development
LogInit: Branch Name: ++UE4+Release-4.24
LogInit: Command Line: 
LogInit: Base Directory: E:/UE_4.24/Engine/Binaries/Win64/
LogInit: Installed Engine Build: 1
LogDevObjectVersion: Number of dev versions registered: 25
LogDevObjectVersion:   Dev-Blueprints (B0D832E4-1F89-4F0D-ACCF-7EB736FD4AA2): 10
LogDevObjectVersion:   Dev-Build (E1C64328-A22C-4D53-A36C-8E866417BD8C): 0
LogDevObjectVersion:   Dev-Core (375EC13C-06E4-48FB-B500-84F0262A717E): 3
LogDevObjectVersion:   Dev-Editor (E4B068ED-F494-42E9-A231-DA0B2E46BB41): 37
LogDevObjectVersion:   Dev-Framework (CFFC743F-43B0-4480-9391-14DF171D2073): 36
LogDevObjectVersion:   Dev-Mobile (B02B49B5-BB20-44E9-A304-32B752E40360): 2
LogDevObjectVersion:   Dev-Networking (A4E4105C-59A1-49B5-A7C5-40C4547EDFEE): 0
LogDevObjectVersion:   Dev-Online (39C831C9-5AE6-47DC-9A44-9C173E1C8E7C): 0
LogDevObjectVersion:   Dev-Physics (78F01B33-EBEA-4F98-B9B4-84EACCB95AA2): 2
LogDevObjectVersion:   Dev-Platform (6631380F-2D4D-43E0-8009-CF276956A95A): 0
LogDevObjectVersion:   Dev-Rendering (12F88B9F-8875-4AFC-A67C-D90C383ABD29): 36
LogDevObjectVersion:   Dev-Sequencer (7B5AE74C-D270-4C10-A958-57980B212A5A): 11
LogDevObjectVersion:   Dev-VR (D7296918-1DD6-4BDD-9DE2-64A83CC13884): 2
LogDevObjectVersion:   Dev-LoadTimes (C2A15278-BFE7-4AFE-6C17-90FF531DF755): 1
LogDevObjectVersion:   Private-Geometry (6EACA3D4-40EC-4CC1-B786-8BED09428FC5): 3
LogDevObjectVersion:   Dev-AnimPhys (29E575DD-E0A3-4627-9D10-D276232CDCEA): 17
LogDevObjectVersion:   Dev-Anim (AF43A65D-7FD3-4947-9873-3E8ED9C1BB05): 2
LogDevObjectVersion:   Dev-ReflectionCapture (6B266CEC-1EC7-4B8F-A30B-E4D90942FC07): 1
LogDevObjectVersion:   Dev-Automation (0DF73D61-A23F-47EA-B727-89E90C41499A): 1
LogDevObjectVersion:   FortniteMain (601D1886-AC64-4F84-AA16-D3DE0DEAC7D6): 31
LogDevObjectVersion:   Dev-Enterprise (9DFFBCD6-494F-0158-E221-12823C92A888): 8
LogDevObjectVersion:   Dev-Niagara (F2AED0AC-9AFE-416F-8664-AA7FFA26D6FC): 1
LogDevObjectVersion:   Dev-Destruction (174F1F0B-B4C6-45A5-B13F-2EE8D0FB917D): 9
LogDevObjectVersion:   Dev-Physics-Ext (35F94A83-E258-406C-A318-09F59610247C): 8
LogDevObjectVersion:   Dev-CineCamera (B2E18506-4273-CFC2-A54E-F4BB758BBA07): 1
LogInit: Presizing for max 25165824 objects, including 0 objects not considered by GC, pre-allocating 0 bytes for permanent pool.
LogInit: Object subsystem initialized
LogConfig: Setting CVar [[con.DebugEarlyDefault:1]]
LogConfig: Setting CVar [[r.setres:1280x720]]
[2020.10.21-18.09.44:357][  0]LogConfig: Setting CVar [[r.VSync:0]]
[2020.10.21-18.09.44:357][  0]LogConfig: Setting CVar [[r.RHICmdBypass:0]]
[2020.10.21-18.09.44:357][  0]LogConfig: Applying CVar settings from Section [/Script/Engine.RendererSettings] File [E:/MULT164/MULT164-KWILLARD-2/MULT164-KWILLARD-2/KWillardSideScroller/Saved/Config/Windows/Engine.ini]
[2020.10.21-18.09.44:357][  0]LogConfig: Setting CVar [[r.GPUCrashDebugging:0]]
[2020.10.21-18.09.44:358][  0]LogConfig: Applying CVar settings from Section [/Script/Engine.RendererOverrideSettings] File [E:/MULT164/MULT164-KWILLARD-2/MULT164-KWILLARD-2/KWillardSideScroller/Saved/Config/Windows/Engine.ini]
[2020.10.21-18.09.44:358][  0]LogConfig: Applying CVar settings from Section [/Script/Engine.StreamingSettings] File [E:/MULT164/MULT164-KWILLARD-2/MULT164-KWILLARD-2/KWillardSideScroller/Saved/Config/Windows/Engine.ini]
[2020.10.21-18.09.44:358][  0]LogConfig: Setting CVar [[s.MinBulkDataSizeForAsyncLoading:131072]]
[2020.10.21-18.09.44:358][  0]LogConfig: Setting CVar [[s.AsyncLoadingThreadEnabled:0]]
[2020.10.21-18.09.44:358][  0]LogConfig: Setting CVar [[s.EventDrivenLoaderEnabled:1]]
[2020.10.21-18.09.44:358][  0]LogConfig: Setting CVar [[s.WarnIfTimeLimitExceeded:0]]
[2020.10.21-18.09.44:358][  0]LogConfig: Setting CVar [[s.TimeLimitExceededMultiplier:1.5]]
[2020.10.21-18.09.44:358][  0]LogConfig: Setting CVar [[s.TimeLimitExceededMinTime:0.005]]
[2020.10.21-18.09.44:358][  0]LogConfig: Setting CVar [[s.UseBackgroundLevelStreaming:1]]
[2020.10.21-18.09.44:358][  0]LogConfig: Setting CVar [[s.PriorityAsyncLoadingExtraTime:15.0]]
[2020.10.21-18.09.44:358][  0]LogConfig: Setting CVar [[s.LevelStreamingActorsUpdateTimeLimit:5.0]]
[2020.10.21-18.09.44:358][  0]LogConfig: Setting CVar [[s.PriorityLevelStreamingActorsUpdateExtraTime:5.0]]
[2020.10.21-18.09.44:358][  0]LogConfig: Setting CVar [[s.LevelStreamingComponentsRegistrationGranularity:10]]
[2020.10.21-18.09.44:358][  0]LogConfig: Setting CVar [[s.UnregisterComponentsTimeLimit:1.0]]
[2020.10.21-18.09.44:358][  0]LogConfig: Setting CVar [[s.LevelStreamingComponentsUnregistrationGranularity:5]]
[2020.10.21-18.09.44:358][  0]LogConfig: Setting CVar [[s.FlushStreamingOnExit:1]]
[2020.10.21-18.09.44:358][  0]LogConfig: Applying CVar settings from Section [/Script/Engine.GarbageCollectionSettings] File [E:/MULT164/MULT164-KWILLARD-2/MULT164-KWILLARD-2/KWillardSideScroller/Saved/Config/Windows/Engine.ini]
[2020.10.21-18.09.44:358][  0]LogConfig: Setting CVar [[gc.MaxObjectsNotConsideredByGC:1]]
[2020.10.21-18.09.44:358][  0]LogConfig: Setting CVar [[gc.SizeOfPermanentObjectPool:0]]
[2020.10.21-18.09.44:358][  0]LogConfig: Setting CVar [[gc.FlushStreamingOnGC:0]]
[2020.10.21-18.09.44:358][  0]LogConfig: Setting CVar [[gc.NumRetriesBeforeForcingGC:10]]
[2020.10.21-18.09.44:358][  0]LogConfig: Setting CVar [[gc.AllowParallelGC:1]]
[2020.10.21-18.09.44:358][  0]LogConfig: Setting CVar [[gc.TimeBetweenPurgingPendingKillObjects:61.1]]
[2020.10.21-18.09.44:358][  0]LogConfig: Setting CVar [[gc.MaxObjectsInEditor:25165824]]
[2020.10.21-18.09.44:358][  0]LogConfig: Setting CVar [[gc.IncrementalBeginDestroyEnabled:1]]
[2020.10.21-18.09.44:358][  0]LogConfig: Setting CVar [[gc.CreateGCClusters:1]]
[2020.10.21-18.09.44:358][  0]LogConfig: Setting CVar [[gc.MinGCClusterSize:5]]
[2020.10.21-18.09.44:358][  0]LogConfig: Setting CVar [[gc.ActorClusteringEnabled:0]]
[2020.10.21-18.09.44:358][  0]LogConfig: Setting CVar [[gc.BlueprintClusteringEnabled:0]]
[2020.10.21-18.09.44:358][  0]LogConfig: Setting CVar [[gc.UseDisregardForGCOnDedicatedServers:0]]
[2020.10.21-18.09.44:358][  0]LogConfig: Applying CVar settings from Section [/Script/Engine.NetworkSettings] File [E:/MULT164/MULT164-KWILLARD-2/MULT164-KWILLARD-2/KWillardSideScroller/Saved/Config/Windows/Engine.ini]
[2020.10.21-18.09.44:358][  0]LogConfig: Applying CVar settings from Section [/Script/UnrealEd.CookerSettings] File [E:/MULT164/MULT164-KWILLARD-2/MULT164-KWILLARD-2/KWillardSideScroller/Saved/Config/Windows/Engine.ini]
[2020.10.21-18.09.44:360][  0]LogConfig: Applying CVar settings from Section [ViewDistanceQuality@3] File [E:/MULT164/MULT164-KWILLARD-2/MULT164-KWILLARD-2/KWillardSideScroller/Saved/Config/Windows/Scalability.ini]
[2020.10.21-18.09.44:360][  0]LogConfig: Setting CVar [[r.SkeletalMeshLODBias:0]]
[2020.10.21-18.09.44:360][  0]LogConfig: Setting CVar [[r.ViewDistanceScale:1.0]]
[2020.10.21-18.09.44:360][  0]LogConfig: Applying CVar settings from Section [AntiAliasingQuality@3] File [E:/MULT164/MULT164-KWILLARD-2/MULT164-KWILLARD-2/KWillardSideScroller/Saved/Config/Windows/Scalability.ini]
[2020.10.21-18.09.44:360][  0]LogConfig: Setting CVar [[r.PostProcessAAQuality:4]]
[2020.10.21-18.09.44:360][  0]LogConfig: Applying CVar settings from Section [ShadowQuality@3] File [E:/MULT164/MULT164-KWILLARD-2/MULT164-KWILLARD-2/KWillardSideScroller/Saved/Config/Windows/Scalability.ini]
[2020.10.21-18.09.44:360][  0]LogConfig: Setting CVar [[r.LightFunctionQuality:1]]
[2020.10.21-18.09.44:360][  0]LogConfig: Setting CVar [[r.ShadowQuality:5]]
[2020.10.21-18.09.44:360][  0]LogConfig: Setting CVar [[r.Shadow.CSM.MaxCascades:10]]
[2020.10.21-18.09.44:360][  0]LogConfig: Setting CVar [[r.Shadow.MaxResolution:2048]]
[2020.10.21-18.09.44:360][  0]LogConfig: Setting CVar [[r.Shadow.MaxCSMResolution:2048]]
[2020.10.21-18.09.44:361][  0]LogConfig: Setting CVar [[r.Shadow.RadiusThreshold:0.01]]
[2020.10.21-18.09.44:361][  0]LogConfig: Setting CVar [[r.Shadow.DistanceScale:1.0]]
[2020.10.21-18.09.44:361][  0]LogConfig: Setting CVar [[r.Shadow.CSM.TransitionScale:1.0]]
[2020.10.21-18.09.44:361][  0]LogConfig: Setting CVar [[r.Shadow.PreShadowResolutionFactor:1.0]]
[2020.10.21-18.09.44:361][  0]LogConfig: Setting CVar [[r.DistanceFieldShadowing:1]]
[2020.10.21-18.09.44:361][  0]LogConfig: Setting CVar [[r.DistanceFieldAO:1]]
[2020.10.21-18.09.44:361][  0]LogConfig: Setting CVar [[r.AOQuality:2]]
[2020.10.21-18.09.44:361][  0]LogConfig: Setting CVar [[r.VolumetricFog:1]]
[2020.10.21-18.09.44:361][  0]LogConfig: Setting CVar [[r.VolumetricFog.GridPixelSize:8]]
[2020.10.21-18.09.44:361][  0]LogConfig: Setting CVar [[r.VolumetricFog.GridSizeZ:128]]
[2020.10.21-18.09.44:361][  0]LogConfig: Setting CVar [[r.VolumetricFog.HistoryMissSupersampleCount:4]]
[2020.10.21-18.09.44:361][  0]LogConfig: Setting CVar [[r.LightMaxDrawDistanceScale:1]]
[2020.10.21-18.09.44:361][  0]LogConfig: Setting CVar [[r.CapsuleShadows:1]]
[2020.10.21-18.09.44:361][  0]LogConfig: Applying CVar settings from Section [PostProcessQuality@3] File [E:/MULT164/MULT164-KWILLARD-2/MULT164-KWILLARD-2/KWillardSideScroller/Saved/Config/Windows/Scalability.ini]
[2020.10.21-18.09.44:361][  0]LogConfig: Setting CVar [[r.MotionBlurQuality:4]]
[2020.10.21-18.09.44:361][  0]LogConfig: Setting CVar [[r.AmbientOcclusionMipLevelFactor:0.4]]
[2020.10.21-18.09.44:361][  0]LogConfig: Setting CVar [[r.AmbientOcclusionMaxQuality:100]]
[2020.10.21-18.09.44:361][  0]LogConfig: Setting CVar [[r.AmbientOcclusionLevels:-1]]
[2020.10.21-18.09.44:361][  0]LogConfig: Setting CVar [[r.AmbientOcclusionRadiusScale:1.0]]
[2020.10.21-18.09.44:361][  0]LogConfig: Setting CVar [[r.DepthOfFieldQuality:2]]
[2020.10.21-18.09.44:361][  0]LogConfig: Setting CVar [[r.RenderTargetPoolMin:400]]
[2020.10.21-18.09.44:361][  0]LogConfig: Setting CVar [[r.LensFlareQuality:2]]
[2020.10.21-18.09.44:361][  0]LogConfig: Setting CVar [[r.SceneColorFringeQuality:1]]
[2020.10.21-18.09.44:361][  0]LogConfig: Setting CVar [[r.EyeAdaptationQuality:2]]
[2020.10.21-18.09.44:361][  0]LogConfig: Setting CVar [[r.BloomQuality:5]]
[2020.10.21-18.09.44:361][  0]LogConfig: Setting CVar [[r.FastBlurThreshold:100]]
[2020.10.21-18.09.44:361][  0]LogConfig: Setting CVar [[r.Upscale.Quality:3]]
[2020.10.21-18.09.44:361][  0]LogConfig: Setting CVar [[r.Tonemapper.GrainQuantization:1]]
[2020.10.21-18.09.44:361][  0]LogConfig: Setting CVar [[r.LightShaftQuality:1]]
[2020.10.21-18.09.44:361][  0]LogConfig: Setting CVar [[r.Filter.SizeScale:1]]
[2020.10.21-18.09.44:361][  0]LogConfig: Setting CVar [[r.Tonemapper.Quality:5]]
[2020.10.21-18.09.44:361][  0]LogConfig: Setting CVar [[r.DOF.Gather.AccumulatorQuality:1        ; higher gathering accumulator quality]]
[2020.10.21-18.09.44:361][  0]LogConfig: Setting CVar [[r.DOF.Gather.PostfilterMethod:1          ; Median3x3 postfilering method]]
[2020.10.21-18.09.44:361][  0]LogConfig: Setting CVar [[r.DOF.Gather.EnableBokehSettings:0       ; no bokeh simulation when gathering]]
[2020.10.21-18.09.44:361][  0]LogConfig: Setting CVar [[r.DOF.Gather.RingCount:4                 ; medium number of samples when gathering]]
[2020.10.21-18.09.44:361][  0]LogConfig: Setting CVar [[r.DOF.Scatter.ForegroundCompositing:1    ; additive foreground scattering]]
[2020.10.21-18.09.44:361][  0]LogConfig: Setting CVar [[r.DOF.Scatter.BackgroundCompositing:2    ; additive background scattering]]
[2020.10.21-18.09.44:361][  0]LogConfig: Setting CVar [[r.DOF.Scatter.EnableBokehSettings:1      ; bokeh simulation when scattering]]
[2020.10.21-18.09.44:361][  0]LogConfig: Setting CVar [[r.DOF.Scatter.MaxSpriteRatio:0.1         ; only a maximum of 10% of scattered bokeh]]
[2020.10.21-18.09.44:361][  0]LogConfig: Setting CVar [[r.DOF.Recombine.Quality:1                ; cheap slight out of focus]]
[2020.10.21-18.09.44:361][  0]LogConfig: Setting CVar [[r.DOF.Recombine.EnableBokehSettings:0    ; no bokeh simulation on slight out of focus]]
[2020.10.21-18.09.44:361][  0]LogConfig: Setting CVar [[r.DOF.TemporalAAQuality:1                ; more stable temporal accumulation]]
[2020.10.21-18.09.44:361][  0]LogConfig: Setting CVar [[r.DOF.Kernel.MaxForegroundRadius:0.025]]
[2020.10.21-18.09.44:361][  0]LogConfig: Setting CVar [[r.DOF.Kernel.MaxBackgroundRadius:0.025]]
[2020.10.21-18.09.44:361][  0]LogConfig: Applying CVar settings from Section [TextureQuality@3] File [E:/MULT164/MULT164-KWILLARD-2/MULT164-KWILLARD-2/KWillardSideScroller/Saved/Config/Windows/Scalability.ini]
[2020.10.21-18.09.44:361][  0]LogConfig: Setting CVar [[r.Streaming.MipBias:0]]
[2020.10.21-18.09.44:361][  0]LogConfig: Setting CVar [[r.Streaming.AmortizeCPUToGPUCopy:0]]
[2020.10.21-18.09.44:361][  0]LogConfig: Setting CVar [[r.Streaming.MaxNumTexturesToStreamPerFrame:0]]
[2020.10.21-18.09.44:361][  0]LogConfig: Setting CVar [[r.Streaming.Boost:1]]
[2020.10.21-18.09.44:361][  0]LogConfig: Setting CVar [[r.MaxAnisotropy:8]]
[2020.10.21-18.09.44:361][  0]LogConfig: Setting CVar [[r.VT.MaxAnisotropy:8]]
[2020.10.21-18.09.44:361][  0]LogConfig: Setting CVar [[r.Streaming.LimitPoolSizeToVRAM:0]]
[2020.10.21-18.09.44:361][  0]LogConfig: Setting CVar [[r.Streaming.PoolSize:1000]]
[2020.10.21-18.09.44:361][  0]LogConfig: Setting CVar [[r.Streaming.MaxEffectiveScreenSize:0]]
[2020.10.21-18.09.44:361][  0]LogConfig: Applying CVar settings from Section [EffectsQuality@3] File [E:/MULT164/MULT164-KWILLARD-2/MULT164-KWILLARD-2/KWillardSideScroller/Saved/Config/Windows/Scalability.ini]
[2020.10.21-18.09.44:361][  0]LogConfig: Setting CVar [[r.TranslucencyLightingVolumeDim:64]]
[2020.10.21-18.09.44:361][  0]LogConfig: Setting CVar [[r.RefractionQuality:2]]
[2020.10.21-18.09.44:361][  0]LogConfig: Setting CVar [[r.SSR.Quality:3]]
[2020.10.21-18.09.44:361][  0]LogConfig: Setting CVar [[r.SSR.HalfResSceneColor:0]]
[2020.10.21-18.09.44:361][  0]LogConfig: Setting CVar [[r.SceneColorFormat:4]]
[2020.10.21-18.09.44:361][  0]LogConfig: Setting CVar [[r.DetailMode:2]]
[2020.10.21-18.09.44:361][  0]LogConfig: Setting CVar [[r.TranslucencyVolumeBlur:1]]
[2020.10.21-18.09.44:361][  0]LogConfig: Setting CVar [[r.MaterialQualityLevel:1 ; High quality]]
[2020.10.21-18.09.44:361][  0]LogConfig: Setting CVar [[r.SSS.Scale:1]]
[2020.10.21-18.09.44:361][  0]LogConfig: Setting CVar [[r.SSS.SampleSet:2]]
[2020.10.21-18.09.44:361][  0]LogConfig: Setting CVar [[r.SSS.Quality:1]]
[2020.10.21-18.09.44:361][  0]LogConfig: Setting CVar [[r.SSS.HalfRes:1]]
[2020.10.21-18.09.44:361][  0]LogConfig: Setting CVar [[r.SSGI.Quality:3]]
[2020.10.21-18.09.44:361][  0]LogConfig: Setting CVar [[r.EmitterSpawnRateScale:1.0]]
[2020.10.21-18.09.44:361][  0]LogConfig: Setting CVar [[r.ParticleLightQuality:2]]
[2020.10.21-18.09.44:361][  0]LogConfig: Setting CVar [[r.SkyAtmosphere.AerialPerspectiveLUT.FastApplyOnOpaque:1 ; Always have FastSkyLUT 1 in this case to avoid wrong sky]]
[2020.10.21-18.09.44:361][  0]LogConfig: Setting CVar [[r.SkyAtmosphere.AerialPerspectiveLUT.SampleCountPerSlice:1]]
[2020.10.21-18.09.44:361][  0]LogConfig: Setting CVar [[r.SkyAtmosphere.AerialPerspectiveLUT.DepthResolution:16.0]]
[2020.10.21-18.09.44:361][  0]LogConfig: Setting CVar [[r.SkyAtmosphere.FastSkyLUT:1]]
[2020.10.21-18.09.44:361][  0]LogConfig: Setting CVar [[r.SkyAtmosphere.FastSkyLUT.SampleCountMin:4.0]]
[2020.10.21-18.09.44:361][  0]LogConfig: Setting CVar [[r.SkyAtmosphere.FastSkyLUT.SampleCountMax:32.0]]
[2020.10.21-18.09.44:361][  0]LogConfig: Setting CVar [[r.SkyAtmosphere.SampleCountMin:4.0]]
[2020.10.21-18.09.44:361][  0]LogConfig: Setting CVar [[r.SkyAtmosphere.SampleCountMax:32.0]]
[2020.10.21-18.09.44:361][  0]LogConfig: Setting CVar [[r.SkyAtmosphere.TransmittanceLUT.UseSmallFormat:0]]
[2020.10.21-18.09.44:361][  0]LogConfig: Setting CVar [[r.SkyAtmosphere.TransmittanceLUT.SampleCount:10.0]]
[2020.10.21-18.09.44:361][  0]LogConfig: Setting CVar [[r.SkyAtmosphere.MultiScatteringLUT.SampleCount:15.0]]
[2020.10.21-18.09.44:361][  0]LogConfig: Applying CVar settings from Section [FoliageQuality@3] File [E:/MULT164/MULT164-KWILLARD-2/MULT164-KWILLARD-2/KWillardSideScroller/Saved/Config/Windows/Scalability.ini]
[2020.10.21-18.09.44:361][  0]LogConfig: Setting CVar [[foliage.DensityScale:1.0]]
[2020.10.21-18.09.44:361][  0]LogConfig: Setting CVar [[grass.DensityScale:1.0]]
[2020.10.21-18.09.44:361][  0]LogConfig: Applying CVar settings from Section [ShadingQuality@3] File [E:/MULT164/MULT164-KWILLARD-2/MULT164-KWILLARD-2/KWillardSideScroller/Saved/Config/Windows/Scalability.ini]
[2020.10.21-18.09.44:361][  0]LogConfig: Setting CVar [[r.HairStrands.SkyLighting.SampleCount:16]]
[2020.10.21-18.09.44:361][  0]LogConfig: Setting CVar [[r.HairStrands.SkyLighting.JitterIntegration:0]]
[2020.10.21-18.09.44:361][  0]LogConfig: Setting CVar [[r.HairStrands.SkyAO.SampleCount:16]]
[2020.10.21-18.09.44:362][  0]LogInit: Selected Device Profile: [Windows]
[2020.10.21-18.09.44:362][  0]LogInit: Applying CVar settings loaded from the selected device profile: [Windows]
[2020.10.21-18.09.44:388][  0]LogHAL: Display: Platform has ~ 16 GB [17128202240 / 17179869184 / 16], which maps to Larger [LargestMinGB=32, LargerMinGB=12, DefaultMinGB=8, SmallerMinGB=6, SmallestMinGB=0)
[2020.10.21-18.09.44:388][  0]LogInit: Going up to parent DeviceProfile []
[2020.10.21-18.09.44:388][  0]LogConfig: Applying CVar settings from Section [ViewDistanceQuality@3] File [E:/MULT164/MULT164-KWILLARD-2/MULT164-KWILLARD-2/KWillardSideScroller/Saved/Config/Windows/Scalability.ini]
[2020.10.21-18.09.44:388][  0]LogConfig: Setting CVar [[r.SkeletalMeshLODBias:0]]
[2020.10.21-18.09.44:388][  0]LogConfig: Setting CVar [[r.ViewDistanceScale:1.0]]
[2020.10.21-18.09.44:388][  0]LogConfig: Applying CVar settings from Section [AntiAliasingQuality@3] File [E:/MULT164/MULT164-KWILLARD-2/MULT164-KWILLARD-2/KWillardSideScroller/Saved/Config/Windows/Scalability.ini]
[2020.10.21-18.09.44:388][  0]LogConfig: Setting CVar [[r.PostProcessAAQuality:4]]
[2020.10.21-18.09.44:389][  0]LogConfig: Applying CVar settings from Section [ShadowQuality@3] File [E:/MULT164/MULT164-KWILLARD-2/MULT164-KWILLARD-2/KWillardSideScroller/Saved/Config/Windows/Scalability.ini]
[2020.10.21-18.09.44:389][  0]LogConfig: Setting CVar [[r.LightFunctionQuality:1]]
[2020.10.21-18.09.44:389][  0]LogConfig: Setting CVar [[r.ShadowQuality:5]]
[2020.10.21-18.09.44:389][  0]LogConfig: Setting CVar [[r.Shadow.CSM.MaxCascades:10]]
[2020.10.21-18.09.44:389][  0]LogConfig: Setting CVar [[r.Shadow.MaxResolution:2048]]
[2020.10.21-18.09.44:389][  0]LogConfig: Setting CVar [[r.Shadow.MaxCSMResolution:2048]]
[2020.10.21-18.09.44:389][  0]LogConfig: Setting CVar [[r.Shadow.RadiusThreshold:0.01]]
[2020.10.21-18.09.44:389][  0]LogConfig: Setting CVar [[r.Shadow.DistanceScale:1.0]]
[2020.10.21-18.09.44:389][  0]LogConfig: Setting CVar [[r.Shadow.CSM.TransitionScale:1.0]]
[2020.10.21-18.09.44:389][  0]LogConfig: Setting CVar [[r.Shadow.PreShadowResolutionFactor:1.0]]
[2020.10.21-18.09.44:389][  0]LogConfig: Setting CVar [[r.DistanceFieldShadowing:1]]
[2020.10.21-18.09.44:389][  0]LogConfig: Setting CVar [[r.DistanceFieldAO:1]]
[2020.10.21-18.09.44:389][  0]LogConfig: Setting CVar [[r.AOQuality:2]]
[2020.10.21-18.09.44:389][  0]LogConfig: Setting CVar [[r.VolumetricFog:1]]
[2020.10.21-18.09.44:389][  0]LogConfig: Setting CVar [[r.VolumetricFog.GridPixelSize:8]]
[2020.10.21-18.09.44:389][  0]LogConfig: Setting CVar [[r.VolumetricFog.GridSizeZ:128]]
[2020.10.21-18.09.44:389][  0]LogConfig: Setting CVar [[r.VolumetricFog.HistoryMissSupersampleCount:4]]
[2020.10.21-18.09.44:389][  0]LogConfig: Setting CVar [[r.LightMaxDrawDistanceScale:1]]
[2020.10.21-18.09.44:389][  0]LogConfig: Setting CVar [[r.CapsuleShadows:1]]
[2020.10.21-18.09.44:389][  0]LogConfig: Applying CVar settings from Section [PostProcessQuality@3] File [E:/MULT164/MULT164-KWILLARD-2/MULT164-KWILLARD-2/KWillardSideScroller/Saved/Config/Windows/Scalability.ini]
[2020.10.21-18.09.44:389][  0]LogConfig: Setting CVar [[r.MotionBlurQuality:4]]
[2020.10.21-18.09.44:389][  0]LogConfig: Setting CVar [[r.AmbientOcclusionMipLevelFactor:0.4]]
[2020.10.21-18.09.44:389][  0]LogConfig: Setting CVar [[r.AmbientOcclusionMaxQuality:100]]
[2020.10.21-18.09.44:389][  0]LogConfig: Setting CVar [[r.AmbientOcclusionLevels:-1]]
[2020.10.21-18.09.44:389][  0]LogConfig: Setting CVar [[r.AmbientOcclusionRadiusScale:1.0]]
[2020.10.21-18.09.44:389][  0]LogConfig: Setting CVar [[r.DepthOfFieldQuality:2]]
[2020.10.21-18.09.44:389][  0]LogConfig: Setting CVar [[r.RenderTargetPoolMin:400]]
[2020.10.21-18.09.44:389][  0]LogConfig: Setting CVar [[r.LensFlareQuality:2]]
[2020.10.21-18.09.44:389][  0]LogConfig: Setting CVar [[r.SceneColorFringeQuality:1]]
[2020.10.21-18.09.44:389][  0]LogConfig: Setting CVar [[r.EyeAdaptationQuality:2]]
[2020.10.21-18.09.44:389][  0]LogConfig: Setting CVar [[r.BloomQuality:5]]
[2020.10.21-18.09.44:389][  0]LogConfig: Setting CVar [[r.FastBlurThreshold:100]]
[2020.10.21-18.09.44:389][  0]LogConfig: Setting CVar [[r.Upscale.Quality:3]]
[2020.10.21-18.09.44:389][  0]LogConfig: Setting CVar [[r.Tonemapper.GrainQuantization:1]]
[2020.10.21-18.09.44:389][  0]LogConfig: Setting CVar [[r.LightShaftQuality:1]]
[2020.10.21-18.09.44:389][  0]LogConfig: Setting CVar [[r.Filter.SizeScale:1]]
[2020.10.21-18.09.44:389][  0]LogConfig: Setting CVar [[r.Tonemapper.Quality:5]]
[2020.10.21-18.09.44:389][  0]LogConfig: Setting CVar [[r.DOF.Gather.AccumulatorQuality:1        ; higher gathering accumulator quality]]
[2020.10.21-18.09.44:389][  0]LogConfig: Setting CVar [[r.DOF.Gather.PostfilterMethod:1          ; Median3x3 postfilering method]]
[2020.10.21-18.09.44:389][  0]LogConfig: Setting CVar [[r.DOF.Gather.EnableBokehSettings:0       ; no bokeh simulation when gathering]]
[2020.10.21-18.09.44:389][  0]LogConfig: Setting CVar [[r.DOF.Gather.RingCount:4                 ; medium number of samples when gathering]]
[2020.10.21-18.09.44:389][  0]LogConfig: Setting CVar [[r.DOF.Scatter.ForegroundCompositing:1    ; additive foreground scattering]]
[2020.10.21-18.09.44:389][  0]LogConfig: Setting CVar [[r.DOF.Scatter.BackgroundCompositing:2    ; additive background scattering]]
[2020.10.21-18.09.44:389][  0]LogConfig: Setting CVar [[r.DOF.Scatter.EnableBokehSettings:1      ; bokeh simulation when scattering]]
[2020.10.21-18.09.44:389][  0]LogConfig: Setting CVar [[r.DOF.Scatter.MaxSpriteRatio:0.1         ; only a maximum of 10% of scattered bokeh]]
[2020.10.21-18.09.44:389][  0]LogConfig: Setting CVar [[r.DOF.Recombine.Quality:1                ; cheap slight out of focus]]
[2020.10.21-18.09.44:389][  0]LogConfig: Setting CVar [[r.DOF.Recombine.EnableBokehSettings:0    ; no bokeh simulation on slight out of focus]]
[2020.10.21-18.09.44:389][  0]LogConfig: Setting CVar [[r.DOF.TemporalAAQuality:1                ; more stable temporal accumulation]]
[2020.10.21-18.09.44:389][  0]LogConfig: Setting CVar [[r.DOF.Kernel.MaxForegroundRadius:0.025]]
[2020.10.21-18.09.44:389][  0]LogConfig: Setting CVar [[r.DOF.Kernel.MaxBackgroundRadius:0.025]]
[2020.10.21-18.09.44:389][  0]LogConfig: Applying CVar settings from Section [TextureQuality@3] File [E:/MULT164/MULT164-KWILLARD-2/MULT164-KWILLARD-2/KWillardSideScroller/Saved/Config/Windows/Scalability.ini]
[2020.10.21-18.09.44:389][  0]LogConfig: Setting CVar [[r.Streaming.MipBias:0]]
[2020.10.21-18.09.44:389][  0]LogConfig: Setting CVar [[r.Streaming.AmortizeCPUToGPUCopy:0]]
[2020.10.21-18.09.44:389][  0]LogConfig: Setting CVar [[r.Streaming.MaxNumTexturesToStreamPerFrame:0]]
[2020.10.21-18.09.44:389][  0]LogConfig: Setting CVar [[r.Streaming.Boost:1]]
[2020.10.21-18.09.44:389][  0]LogConfig: Setting CVar [[r.MaxAnisotropy:8]]
[2020.10.21-18.09.44:389][  0]LogConfig: Setting CVar [[r.VT.MaxAnisotropy:8]]
[2020.10.21-18.09.44:389][  0]LogConfig: Setting CVar [[r.Streaming.LimitPoolSizeToVRAM:0]]
[2020.10.21-18.09.44:389][  0]LogConfig: Setting CVar [[r.Streaming.PoolSize:1000]]
[2020.10.21-18.09.44:389][  0]LogConfig: Setting CVar [[r.Streaming.MaxEffectiveScreenSize:0]]
[2020.10.21-18.09.44:389][  0]LogConfig: Applying CVar settings from Section [EffectsQuality@3] File [E:/MULT164/MULT164-KWILLARD-2/MULT164-KWILLARD-2/KWillardSideScroller/Saved/Config/Windows/Scalability.ini]
[2020.10.21-18.09.44:389][  0]LogConfig: Setting CVar [[r.TranslucencyLightingVolumeDim:64]]
[2020.10.21-18.09.44:389][  0]LogConfig: Setting CVar [[r.RefractionQuality:2]]
[2020.10.21-18.09.44:389][  0]LogConfig: Setting CVar [[r.SSR.Quality:3]]
[2020.10.21-18.09.44:389][  0]LogConfig: Setting CVar [[r.SSR.HalfResSceneColor:0]]
[2020.10.21-18.09.44:389][  0]LogConfig: Setting CVar [[r.SceneColorFormat:4]]
[2020.10.21-18.09.44:389][  0]LogConfig: Setting CVar [[r.DetailMode:2]]
[2020.10.21-18.09.44:389][  0]LogConfig: Setting CVar [[r.TranslucencyVolumeBlur:1]]
[2020.10.21-18.09.44:389][  0]LogConfig: Setting CVar [[r.MaterialQualityLevel:1 ; High quality]]
[2020.10.21-18.09.44:389][  0]LogConfig: Setting CVar [[r.SSS.Scale:1]]
[2020.10.21-18.09.44:389][  0]LogConfig: Setting CVar [[r.SSS.SampleSet:2]]
[2020.10.21-18.09.44:389][  0]LogConfig: Setting CVar [[r.SSS.Quality:1]]
[2020.10.21-18.09.44:389][  0]LogConfig: Setting CVar [[r.SSS.HalfRes:1]]
[2020.10.21-18.09.44:389][  0]LogConfig: Setting CVar [[r.SSGI.Quality:3]]
[2020.10.21-18.09.44:389][  0]LogConfig: Setting CVar [[r.EmitterSpawnRateScale:1.0]]
[2020.10.21-18.09.44:389][  0]LogConfig: Setting CVar [[r.ParticleLightQuality:2]]
[2020.10.21-18.09.44:389][  0]LogConfig: Setting CVar [[r.SkyAtmosphere.AerialPerspectiveLUT.FastApplyOnOpaque:1 ; Always have FastSkyLUT 1 in this case to avoid wrong sky]]
[2020.10.21-18.09.44:389][  0]LogConfig: Setting CVar [[r.SkyAtmosphere.AerialPerspectiveLUT.SampleCountPerSlice:1]]
[2020.10.21-18.09.44:389][  0]LogConfig: Setting CVar [[r.SkyAtmosphere.AerialPerspectiveLUT.DepthResolution:16.0]]
[2020.10.21-18.09.44:389][  0]LogConfig: Setting CVar [[r.SkyAtmosphere.FastSkyLUT:1]]
[2020.10.21-18.09.44:389][  0]LogConfig: Setting CVar [[r.SkyAtmosphere.FastSkyLUT.SampleCountMin:4.0]]
[2020.10.21-18.09.44:389][  0]LogConfig: Setting CVar [[r.SkyAtmosphere.FastSkyLUT.SampleCountMax:32.0]]
[2020.10.21-18.09.44:389][  0]LogConfig: Setting CVar [[r.SkyAtmosphere.SampleCountMin:4.0]]
[2020.10.21-18.09.44:389][  0]LogConfig: Setting CVar [[r.SkyAtmosphere.SampleCountMax:32.0]]
[2020.10.21-18.09.44:389][  0]LogConfig: Setting CVar [[r.SkyAtmosphere.TransmittanceLUT.UseSmallFormat:0]]
[2020.10.21-18.09.44:389][  0]LogConfig: Setting CVar [[r.SkyAtmosphere.TransmittanceLUT.SampleCount:10.0]]
[2020.10.21-18.09.44:389][  0]LogConfig: Setting CVar [[r.SkyAtmosphere.MultiScatteringLUT.SampleCount:15.0]]
[2020.10.21-18.09.44:389][  0]LogConfig: Applying CVar settings from Section [FoliageQuality@3] File [E:/MULT164/MULT164-KWILLARD-2/MULT164-KWILLARD-2/KWillardSideScroller/Saved/Config/Windows/Scalability.ini]
[2020.10.21-18.09.44:389][  0]LogConfig: Setting CVar [[foliage.DensityScale:1.0]]
[2020.10.21-18.09.44:389][  0]LogConfig: Setting CVar [[grass.DensityScale:1.0]]
[2020.10.21-18.09.44:389][  0]LogConfig: Applying CVar settings from Section [ShadingQuality@3] File [E:/MULT164/MULT164-KWILLARD-2/MULT164-KWILLARD-2/KWillardSideScroller/Saved/Config/Windows/Scalability.ini]
[2020.10.21-18.09.44:389][  0]LogConfig: Setting CVar [[r.HairStrands.SkyLighting.SampleCount:16]]
[2020.10.21-18.09.44:389][  0]LogConfig: Setting CVar [[r.HairStrands.SkyLighting.JitterIntegration:0]]
[2020.10.21-18.09.44:389][  0]LogConfig: Setting CVar [[r.HairStrands.SkyAO.SampleCount:16]]
[2020.10.21-18.09.44:389][  0]LogConfig: Applying CVar settings from Section [Startup] File [../../../Engine/Config/ConsoleVariables.ini]
[2020.10.21-18.09.44:402][  0]LogConfig: Setting CVar [[net.UseAdaptiveNetUpdateFrequency:0]]
[2020.10.21-18.09.44:402][  0]LogConfig: Setting CVar [[p.chaos.AllowCreatePhysxBodies:1]]
[2020.10.21-18.09.44:402][  0]LogConfig: Applying CVar settings from Section [ConsoleVariables] File [E:/MULT164/MULT164-KWILLARD-2/MULT164-KWILLARD-2/KWillardSideScroller/Saved/Config/Windows/Engine.ini]
[2020.10.21-18.09.44:402][  0]LogInit: Computer: KELLEN-PC
[2020.10.21-18.09.44:402][  0]LogInit: User: Kellen
[2020.10.21-18.09.44:402][  0]LogInit: CPU Page size=4096, Cores=4
[2020.10.21-18.09.44:402][  0]LogInit: High frequency timer resolution =3.897255 MHz
[2020.10.21-18.09.44:402][  0]LogMemory: Memory total: Physical=16.0GB (16GB approx)
[2020.10.21-18.09.44:402][  0]LogMemory: Platform Memory Stats for Windows
[2020.10.21-18.09.44:402][  0]LogMemory: Process Physical Memory: 106.29 MB used, 106.29 MB peak
[2020.10.21-18.09.44:402][  0]LogMemory: Process Virtual Memory: 104.54 MB used, 104.54 MB peak
[2020.10.21-18.09.44:402][  0]LogMemory: Physical Memory: 5827.48 MB used,  10507.25 MB free, 16334.73 MB total
[2020.10.21-18.09.44:402][  0]LogMemory: Virtual Memory: 1024.92 MB used,  8387583.00 MB free, 8388608.00 MB total
[2020.10.21-18.09.44:412][  0]LogWindows: WindowsPlatformFeatures enabled
[2020.10.21-18.09.44:891][  0]LogInit: Using OS detected language (en-US).
[2020.10.21-18.09.44:891][  0]LogInit: Using OS detected locale (en-US).
[2020.10.21-18.09.44:891][  0]LogTextLocalizationManager: No specific localization for 'en-US' exists, so the 'en' localization will be used.
[2020.10.21-18.09.45:666][  0]LogWindows: Failed to load 'shcore.dll' (GetLastError=126)
[2020.10.21-18.09.45:666][  0]LogWindows: File 'shcore.dll' does not exist
[2020.10.21-18.09.45:666][  0]LogInit: Setting process to DPI aware
[2020.10.21-18.09.45:979][  0]LogSlate: New Slate User Created.  User Index 0, Is Virtual User: 0
[2020.10.21-18.09.45:979][  0]LogSlate: Slate User Registered.  User Index 0, Is Virtual User: 0
[2020.10.21-18.09.48:467][  0]LogHMD: Failed to initialize OpenVR with code 110
[2020.10.21-18.09.48:467][  0]LogD3D11RHI: D3D11 min allowed feature level: 11_0
[2020.10.21-18.09.48:467][  0]LogD3D11RHI: D3D11 max allowed feature level: 11_0
[2020.10.21-18.09.48:467][  0]LogD3D11RHI: D3D11 adapters:
[2020.10.21-18.09.48:503][  0]LogD3D11RHI:    0. 'NVIDIA GeForce GTX 980' (Feature Level 11_0)
[2020.10.21-18.09.48:503][  0]LogD3D11RHI:       4002/0/7911 MB DedicatedVideo/DedicatedSystem/SharedSystem, Outputs:1, VendorId:0x10de
[2020.10.21-18.09.48:503][  0]LogD3D11RHI: Chosen D3D11 Adapter: 0
[2020.10.21-18.09.48:580][  0]LogD3D11RHI: Creating new Direct3DDevice
[2020.10.21-18.09.48:580][  0]LogD3D11RHI:     GPU DeviceId: 0x13c0 (for the marketing name, search the web for "GPU Device Id")
[2020.10.21-18.09.48:580][  0]LogWindows: EnumDisplayDevices:
[2020.10.21-18.09.48:580][  0]LogWindows:    0. 'NVIDIA GeForce GTX 980' (P:1 D:1)
[2020.10.21-18.09.48:580][  0]LogWindows:    1. 'NVIDIA GeForce GTX 980' (P:0 D:0)
[2020.10.21-18.09.48:581][  0]LogWindows:    2. 'NVIDIA GeForce GTX 980' (P:0 D:0)
[2020.10.21-18.09.48:581][  0]LogWindows:    3. 'NVIDIA GeForce GTX 980' (P:0 D:0)
[2020.10.21-18.09.48:581][  0]LogWindows:    4. 'RDPDD Chained DD' (P:0 D:0)
[2020.10.21-18.09.48:581][  0]LogWindows:    5. 'RDP Encoder Mirror Driver' (P:0 D:0)
[2020.10.21-18.09.48:581][  0]LogWindows:    6. 'RDP Reflector Display Driver' (P:0 D:0)
[2020.10.21-18.09.48:581][  0]LogWindows: DebugString: GetVideoDriverDetailsInvalid PrimaryIsNotTheChoosenAdapter GetVideoDriverDetailsInvalid PrimaryIsNotTheChoosenAdapter GetVideoDriverDetailsInvalid PrimaryIsNotTheChoosenAdapter FoundDriverCount:4 
[2020.10.21-18.09.48:581][  0]LogD3D11RHI:     Adapter Name: NVIDIA GeForce GTX 980
[2020.10.21-18.09.48:581][  0]LogD3D11RHI:   Driver Version: 445.87 (internal:26.21.14.4587, unified:445.87)
[2020.10.21-18.09.48:581][  0]LogD3D11RHI:      Driver Date: 4-3-2020
[2020.10.21-18.09.48:581][  0]LogRHI: Texture pool is 2801 MB (70% of 4002 MB)
[2020.10.21-18.09.48:600][  0]LogD3D11RHI: RHI has support for 64 bit atomics
[2020.10.21-18.09.48:600][  0]LogD3D11RHI: Async texture creation enabled
[2020.10.21-18.09.48:616][  0]LogD3D11RHI: GPU Timing Frequency: 1000.000000 (Debug: 2 2)
[2020.10.21-18.09.49:212][  0]LogTargetPlatformManager: Display: Loaded TargetPlatform 'AllDesktop'
[2020.10.21-18.09.49:315][  0]LogTargetPlatformManager: Display: Loaded TargetPlatform 'Android'
[2020.10.21-18.09.49:315][  0]LogTargetPlatformManager: Display: Loaded TargetPlatform 'Android_ASTC'
[2020.10.21-18.09.49:315][  0]LogTargetPlatformManager: Display: Loaded TargetPlatform 'Android_ATC'
[2020.10.21-18.09.49:315][  0]LogTargetPlatformManager: Display: Loaded TargetPlatform 'Android_DXT'
[2020.10.21-18.09.49:315][  0]LogTargetPlatformManager: Display: Loaded TargetPlatform 'Android_ETC1'
[2020.10.21-18.09.49:315][  0]LogTargetPlatformManager: Display: Loaded TargetPlatform 'Android_ETC1a'
[2020.10.21-18.09.49:315][  0]LogTargetPlatformManager: Display: Loaded TargetPlatform 'Android_ETC2'
[2020.10.21-18.09.49:315][  0]LogTargetPlatformManager: Display: Loaded TargetPlatform 'Android_PVRTC'
[2020.10.21-18.09.49:315][  0]LogTargetPlatformManager: Display: Loaded TargetPlatform 'AndroidClient'
[2020.10.21-18.09.49:315][  0]LogTargetPlatformManager: Display: Loaded TargetPlatform 'Android_ASTCClient'
[2020.10.21-18.09.49:315][  0]LogTargetPlatformManager: Display: Loaded TargetPlatform 'Android_ATCClient'
[2020.10.21-18.09.49:315][  0]LogTargetPlatformManager: Display: Loaded TargetPlatform 'Android_DXTClient'
[2020.10.21-18.09.49:315][  0]LogTargetPlatformManager: Display: Loaded TargetPlatform 'Android_ETC1Client'
[2020.10.21-18.09.49:315][  0]LogTargetPlatformManager: Display: Loaded TargetPlatform 'Android_ETC1aClient'
[2020.10.21-18.09.49:315][  0]LogTargetPlatformManager: Display: Loaded TargetPlatform 'Android_ETC2Client'
[2020.10.21-18.09.49:315][  0]LogTargetPlatformManager: Display: Loaded TargetPlatform 'Android_PVRTCClient'
[2020.10.21-18.09.49:315][  0]LogTargetPlatformManager: Display: Loaded TargetPlatform 'Android_Multi'
[2020.10.21-18.09.49:315][  0]LogTargetPlatformManager: Display: Loaded TargetPlatform 'Android_MultiClient'
[2020.10.21-18.09.49:421][  0]LogTargetPlatformManager: Display: Loaded TargetPlatform 'IOSClient'
[2020.10.21-18.09.49:421][  0]LogTargetPlatformManager: Display: Loaded TargetPlatform 'IOS'
[2020.10.21-18.09.49:452][  0]LogTargetPlatformManager: Display: Loaded TargetPlatform 'LinuxNoEditor'
[2020.10.21-18.09.49:481][  0]LogTargetPlatformManager: Display: Loaded TargetPlatform 'LinuxClient'
[2020.10.21-18.09.49:530][  0]LogTargetPlatformManager: Display: Loaded TargetPlatform 'LinuxServer'
[2020.10.21-18.09.49:547][  0]LogTargetPlatformManager: Display: Loaded TargetPlatform 'LinuxAArch64NoEditor'
[2020.10.21-18.09.49:565][  0]LogTargetPlatformManager: Display: Loaded TargetPlatform 'LinuxAArch64Client'
[2020.10.21-18.09.49:583][  0]LogTargetPlatformManager: Display: Loaded TargetPlatform 'LinuxAArch64Server'
[2020.10.21-18.09.49:623][  0]LogTargetPlatformManager: Display: Loaded TargetPlatform 'Lumin'
[2020.10.21-18.09.49:623][  0]LogTargetPlatformManager: Display: Loaded TargetPlatform 'LuminClient'
[2020.10.21-18.09.49:653][  0]LogTargetPlatformManager: Display: Loaded TargetPlatform 'TVOSClient'
[2020.10.21-18.09.49:653][  0]LogTargetPlatformManager: Display: Loaded TargetPlatform 'TVOS'
[2020.10.21-18.09.49:682][  0]LogTargetPlatformManager: Display: Loaded TargetPlatform 'WindowsNoEditor'
[2020.10.21-18.09.49:704][  0]LogTargetPlatformManager: Display: Loaded TargetPlatform 'Windows'
[2020.10.21-18.09.49:772][  0]LogTargetPlatformManager: Display: Loaded TargetPlatform 'WindowsClient'
[2020.10.21-18.09.49:799][  0]LogTargetPlatformManager: Display: Loaded TargetPlatform 'WindowsServer'
[2020.10.21-18.09.49:799][  0]LogTargetPlatformManager: Display: Building Assets For Windows
[2020.10.21-18.09.49:919][  0]LogAudioDebug: Display: Lib vorbis DLL was dynamically loaded.
[2020.10.21-18.09.50:709][  0]LogShaderCompilers: Guid format shader working directory is -31 characters bigger than the processId version (../../../../MULT164/MULT164-KWILLARD-2/MULT164-KWILLARD-2/KWillardSideScroller/Intermediate/Shaders/WorkingDirectory/6468/).
[2020.10.21-18.09.50:709][  0]LogShaderCompilers: Cleaned the shader compiler working directory 'C:/Users/Kellen/AppData/Local/Temp/UnrealShaderWorkingDir/24869BA84835BABF2C3B898C0EFC2D44/'.
[2020.10.21-18.09.50:709][  0]LogXGEController: Cleaning working directory: C:/Users/Kellen/AppData/Local/Temp/UnrealXGEWorkingDir/
[2020.10.21-18.09.50:709][  0]LogXGEController: Cannot use XGE Controller as Incredibuild is not installed on this machine.
[2020.10.21-18.09.50:710][  0]LogShaderCompilers: Cannot use XGE Shader Compiler as Incredibuild is not installed on this machine.
[2020.10.21-18.09.50:710][  0]LogShaderCompilers: Display: Using Local Shader Compiler.
[2020.10.21-18.09.54:016][  0]LogDerivedDataCache: Display: Max Cache Size: 512 MB
[2020.10.21-18.09.54:334][  0]LogDerivedDataCache: Loaded boot cache 0.32s 78MB C:/Users/Kellen/AppData/Local/UnrealEngine/4.24/DerivedDataCache/Boot.ddc.
[2020.10.21-18.09.54:334][  0]LogDerivedDataCache: Display: Loaded Boot cache: C:/Users/Kellen/AppData/Local/UnrealEngine/4.24/DerivedDataCache/Boot.ddc
[2020.10.21-18.09.54:334][  0]LogDerivedDataCache: FDerivedDataBackendGraph:  Pak pak cache file ../../../../MULT164/MULT164-KWILLARD-2/MULT164-KWILLARD-2/KWillardSideScroller/DerivedDataCache/DDC.ddp not found, will not use a pak cache.
[2020.10.21-18.09.54:334][  0]LogDerivedDataCache: Unable to find inner node Pak for hierarchical cache Hierarchy.
[2020.10.21-18.09.54:334][  0]LogDerivedDataCache: FDerivedDataBackendGraph:  CompressedPak pak cache file ../../../../MULT164/MULT164-KWILLARD-2/MULT164-KWILLARD-2/KWillardSideScroller/DerivedDataCache/Compressed.ddp not found, will not use a pak cache.
[2020.10.21-18.09.54:334][  0]LogDerivedDataCache: Unable to find inner node CompressedPak for hierarchical cache Hierarchy.
[2020.10.21-18.09.54:484][  0]LogDerivedDataCache: Display: Pak cache opened for reading ../../../Engine/DerivedDataCache/Compressed.ddp.
[2020.10.21-18.09.54:484][  0]LogDerivedDataCache: FDerivedDataBackendGraph:  EnterprisePak pak cache file ../../../Enterprise/DerivedDataCache/Compressed.ddp not found, will not use a pak cache.
[2020.10.21-18.09.54:484][  0]LogDerivedDataCache: Unable to find inner node EnterprisePak for hierarchical cache Hierarchy.
[2020.10.21-18.09.54:486][  0]LogDerivedDataCache: Using Local data cache path C:/Users/Kellen/AppData/Local/UnrealEngine/Common/DerivedDataCache: Writable
[2020.10.21-18.09.54:486][  0]LogDerivedDataCache: Shared data cache path not found in *engine.ini, will not use an Shared cache.
[2020.10.21-18.09.54:486][  0]LogDerivedDataCache: Unable to find inner node Shared for hierarchical cache Hierarchy.
[2020.10.21-18.09.54:519][  0]LogMaterial: Verifying Global Shaders for PCD3D_SM5
[2020.10.21-18.09.54:522][  0]LogSlate: Using FreeType 2.10.0
[2020.10.21-18.09.54:617][  0]LogSlate: SlateFontServices - WITH_FREETYPE: 1, WITH_HARFBUZZ: 1
[2020.10.21-18.09.55:838][  0]LogAssetRegistry: FAssetRegistry took 0.0019 seconds to start up
[2020.10.21-18.09.56:336][  0]LogInit: Selected Device Profile: [Windows]
[2020.10.21-18.09.58:241][  0]LogMeshReduction: Using QuadricMeshReduction for automatic static mesh reduction
[2020.10.21-18.09.58:241][  0]LogMeshReduction: Using SimplygonMeshReduction for automatic skeletal mesh reduction
[2020.10.21-18.09.58:241][  0]LogMeshReduction: Using ProxyLODMeshReduction for automatic mesh merging
[2020.10.21-18.09.58:241][  0]LogMeshReduction: No distributed automatic mesh merging module available
[2020.10.21-18.09.58:241][  0]LogMeshMerging: No distributed automatic mesh merging module available
[2020.10.21-18.09.58:492][  0]LogNetVersion: KWillardSideScroller 1.0.0, NetCL: 10570792, EngineNetVer: 13, GameNetVer: 0 (Checksum: 74892378)
[2020.10.21-18.10.10:768][  0]LogPackageLocalizationCache: Processed 10 localized package path(s) for 1 prioritized culture(s) in 0.074348 seconds
[2020.10.21-18.10.10:775][  0]LogUObjectArray: 46750 objects as part of root set at end of initial load.
[2020.10.21-18.10.10:775][  0]LogUObjectAllocator: 8137160 out of 0 bytes used by permanent object pool.
[2020.10.21-18.10.10:775][  0]LogUObjectArray: CloseDisregardForGC: 0/0 objects in disregard for GC pool
[2020.10.21-18.10.15:086][  0]LogTcpMessaging: Initializing TcpMessaging bridge
[2020.10.21-18.10.15:114][  0]LogUdpMessaging: Initializing bridge on interface 0.0.0.0:0 to multicast group 230.0.0.1:6666.
[2020.10.21-18.10.15:647][  0]SourceControl: Source control is disabled
[2020.10.21-18.10.15:647][  0]SourceControl: Source control is disabled
[2020.10.21-18.10.15:687][  0]SourceControl: Source control is disabled
[2020.10.21-18.10.15:715][  0]SourceControl: Source control is disabled
[2020.10.21-18.10.15:742][  0]SourceControl: Source control is disabled
[2020.10.21-18.10.15:845][  0]LogVSAccessor: Display: Unable to create Visual Studio setup instance: 80040154
[2020.10.21-18.10.15:845][  0]LogVSAccessor: Display: Unable to create Visual Studio setup instance: 80040154
[2020.10.21-18.10.16:856][  0]LogAndroidPermission: UAndroidPermissionCallbackProxy::GetInstance
[2020.10.21-18.10.16:985][  0]LogAudioCaptureCore: Display: No Audio Capture implementations found. Audio input will be silent.
[2020.10.21-18.10.16:985][  0]LogAudioCaptureCore: Display: No Audio Capture implementations found. Audio input will be silent.
[2020.10.21-18.10.17:488][  0]LogOcInput: OculusInput pre-init called
[2020.10.21-18.10.17:577][  0]LogWindows: Failed to load 'OVRPlugin.dll' (GetLastError=126)
[2020.10.21-18.10.17:577][  0]LogWindows: File 'OVRPlugin.dll' does not exist
[2020.10.21-18.10.17:948][  0]LogEngine: Initializing Engine...
[2020.10.21-18.10.17:949][  0]LogHMD: Failed to initialize OpenVR with code 110
[2020.10.21-18.10.17:950][  0]LogStats: UGameplayTagsManager::InitializeManager -  0.000 s
[2020.10.21-18.10.18:913][  0]LogInit: Initializing FReadOnlyCVARCache
[2020.10.21-18.10.18:945][  0]LogAIModule: Creating AISystem for world Untitled
[2020.10.21-18.10.18:963][  0]LogAudioMixer: Display: Audio Mixer Platform Settings:
[2020.10.21-18.10.18:963][  0]LogAudioMixer: Display: 	Sample Rate:						  48000
[2020.10.21-18.10.18:963][  0]LogAudioMixer: Display: 	Callback Buffer Frame Size Requested: 1024
[2020.10.21-18.10.18:963][  0]LogAudioMixer: Display: 	Callback Buffer Frame Size To Use:	  1024
[2020.10.21-18.10.18:963][  0]LogAudioMixer: Display: 	Number of buffers to queue:			  2
[2020.10.21-18.10.18:963][  0]LogAudioMixer: Display: 	Max Channels (voices):				  32
[2020.10.21-18.10.18:963][  0]LogAudioMixer: Display: 	Number of Async Source Workers:		  0
[2020.10.21-18.10.18:963][  0]LogAudio: Display: AudioDevice MaxSources: 32
[2020.10.21-18.10.18:964][  0]LogAudio: Display: Using built-in audio occlusion.
[2020.10.21-18.10.18:964][  0]LogAudioMixer: Display: Initializing audio mixer.
[2020.10.21-18.10.18:978][  0]LogAudioMixer: Display: Audio Device Output Speaker Info:
[2020.10.21-18.10.18:978][  0]LogAudioMixer: Display: Name: Speakers (PRO)
[2020.10.21-18.10.18:978][  0]LogAudioMixer: Display: Is Default: Yes
[2020.10.21-18.10.18:978][  0]LogAudioMixer: Display: Sample Rate: 44100
[2020.10.21-18.10.18:978][  0]LogAudioMixer: Display: Channel Count Used: 2
[2020.10.21-18.10.18:978][  0]LogAudioMixer: Display: Device Channel Count: 2
[2020.10.21-18.10.18:978][  0]LogAudioMixer: Display: Channel Order:
[2020.10.21-18.10.18:978][  0]LogAudioMixer: Display: 0: FrontLeft
[2020.10.21-18.10.18:978][  0]LogAudioMixer: Display: 1: FrontRight
[2020.10.21-18.10.18:985][  0]LogAudioMixer: Display: Using Audio Device Speakers (PRO)
[2020.10.21-18.10.18:987][  0]LogInit: FAudioDevice initialized.
[2020.10.21-18.10.18:987][  0]LogNetVersion: Set ProjectVersion to 1.0.0.0. Version Checksum will be recalculated on next use.
[2020.10.21-18.10.19:076][  0]LogDerivedDataCache: Saved boot cache 0.09s 78MB C:/Users/Kellen/AppData/Local/UnrealEngine/4.24/DerivedDataCache/Boot.ddc.
[2020.10.21-18.10.19:079][  0]LogInit: Texture streaming: Enabled
[2020.10.21-18.10.19:174][  0]LogEngineSessionManager: EngineSessionManager initialized
[2020.10.21-18.10.19:174][  0]LogEditorSessionSummary: Verbose: Initializing EditorSessionSummaryWriter for editor session tracking
[2020.10.21-18.10.19:176][  0]LogEditorSessionSummary: EditorSessionSummaryWriter initialized
[2020.10.21-18.10.19:284][  0]LogInit: Transaction tracking system initialized
[2020.10.21-18.10.19:473][  0]BlueprintLog: New page: Editor Load
[2020.10.21-18.10.19:985][  0]LocalizationService: Localization service is disabled
[2020.10.21-18.10.21:864][  0]LogVSAccessor: Display: Unable to create Visual Studio setup instance: 80040154
[2020.10.21-18.10.21:864][  0]LogVSAccessor: Display: Unable to create Visual Studio setup instance: 80040154
[2020.10.21-18.10.24:264][  0]LogFileCache: Scanning file cache for directory 'E:/MULT164/MULT164-KWILLARD-2/MULT164-KWILLARD-2/KWillardSideScroller/Content/' took 0.01s
[2020.10.21-18.10.24:264][  0]LogCook: Display: Max memory allowance for cook 16384mb min free memory 0mb
[2020.10.21-18.10.24:264][  0]LogCook: Display: Mobile HDR setting 1
[2020.10.21-18.10.27:278][  0]SourceControl: Source control is disabled
[2020.10.21-18.10.27:278][  0]Cmd: MAP LOAD FILE="../../../../MULT164/MULT164-KWILLARD-2/MULT164-KWILLARD-2/KWillardSideScroller/Content/SideScrollerBP/Maps/SideScrollerExampleMap.umap" TEMPLATE=0 SHOWPROGRESS=1 FEATURELEVEL=3
[2020.10.21-18.10.27:278][  0]LightingResults: New page: Lighting Build
[2020.10.21-18.10.27:279][  0]LogWorld: UWorld::CleanupWorld for Untitled, bSessionEnded=true, bCleanupResources=true
[2020.10.21-18.10.27:279][  0]LogSlate: InvalidateAllWidgets triggered.  All widgets were invalidated
[2020.10.21-18.10.27:279][  0]MapCheck: New page: Map Check
[2020.10.21-18.10.27:279][  0]LightingResults: New page: Lighting Build
[2020.10.21-18.10.27:301][  0]LogUObjectHash: Compacting FUObjectHashTables data took   1.66ms
[2020.10.21-18.10.30:326][  0]LogAIModule: Creating AISystem for world SideScrollerExampleMap
[2020.10.21-18.10.30:445][  0]LogEditorServer: Finished looking for orphan Actors (0.000 secs)
[2020.10.21-18.10.30:476][  0]LogUObjectHash: Compacting FUObjectHashTables data took   2.15ms
[2020.10.21-18.10.30:476][  0]Cmd: MAP CHECKDEP NOCLEARLOG
[2020.10.21-18.10.30:476][  0]MapCheck: Map check complete: 0 Error(s), 0 Warning(s), took 0.079ms to complete.
[2020.10.21-18.10.30:477][  0]LogFileHelpers: Loading map 'SideScrollerExampleMap' took 3.198
[2020.10.21-18.10.30:932][  0]LogSlate: Updating window title bar state: overlay mode, drag disabled, window buttons hidden, title bar hidden
[2020.10.21-18.10.30:939][  0]LogSlate: Updating window title bar state: overlay mode, drag disabled, window buttons hidden, title bar hidden
[2020.10.21-18.10.30:945][  0]LogSlate: Updating window title bar state: overlay mode, drag disabled, window buttons hidden, title bar hidden
[2020.10.21-18.10.30:952][  0]LogSlate: Updating window title bar state: overlay mode, drag disabled, window buttons hidden, title bar hidden
[2020.10.21-18.10.31:059][  0]LogCollectionManager: Loaded 0 collections in 0.002283 seconds
[2020.10.21-18.10.31:106][  0]LogFileCache: Scanning file cache for directory 'E:/MULT164/MULT164-KWILLARD-2/MULT164-KWILLARD-2/KWillardSideScroller/Saved/Collections/' took 0.00s
[2020.10.21-18.10.31:106][  0]LogFileCache: Scanning file cache for directory 'E:/MULT164/MULT164-KWILLARD-2/MULT164-KWILLARD-2/KWillardSideScroller/Content/Developers/Kellen/Collections/' took 0.00s
[2020.10.21-18.10.31:106][  0]LogFileCache: Scanning file cache for directory 'E:/MULT164/MULT164-KWILLARD-2/MULT164-KWILLARD-2/KWillardSideScroller/Content/Collections/' took 0.00s
[2020.10.21-18.10.31:106][  0]LogContentBrowser: Native class hierarchy populated in 0.0145 seconds. Added 3015 classes and 717 folders.
[2020.10.21-18.10.31:140][  0]LogContentBrowser: Native class hierarchy updated for 'WidgetCarousel' in 0.0004 seconds. Added 0 classes and 0 folders.
[2020.10.21-18.10.32:300][  0]LogContentBrowser: Native class hierarchy updated for 'AddContentDialog' in 0.0002 seconds. Added 0 classes and 0 folders.
[2020.10.21-18.10.32:336][  0]LogContentBrowser: Native class hierarchy updated for 'SceneOutliner' in 0.0002 seconds. Added 2 classes and 3 folders.
[2020.10.21-18.10.32:458][  0]LogSlate: Took 0.041594 seconds to synchronously load lazily loaded font '../../../Engine/Content/Slate/Fonts/Roboto-Regular.ttf' (155K)
[2020.10.21-18.10.32:540][  0]LogSlate: Took 0.077412 seconds to synchronously load lazily loaded font '../../../Engine/Content/Slate/Fonts/Roboto-Bold.ttf' (160K)
[2020.10.21-18.10.32:567][  0]LogSlate: Took 0.019009 seconds to synchronously load lazily loaded font '../../../Engine/Content/Editor/Slate/Fonts/FontAwesome.ttf' (139K)
[2020.10.21-18.10.32:878][  0]LogRenderer: Reallocating scene render targets to support 1208x572 Format 10 NumSamples 1 (Frame:1).
[2020.10.21-18.10.33:158][  0]LogContentBrowser: Native class hierarchy updated for 'HierarchicalLODOutliner' in 0.0004 seconds. Added 0 classes and 0 folders.
[2020.10.21-18.10.33:158][  0]LogLoad: (Engine Initialization) Total time: 62.71 seconds
[2020.10.21-18.10.33:158][  0]LogLoad: (Engine Initialization) Total Blueprint compile time: 0.00 seconds
[2020.10.21-18.10.33:292][  0]LogContentStreaming: Texture pool size now 1000 MB
[2020.10.21-18.10.33:398][  0]LogSlate: Took 0.008519 seconds to synchronously load lazily loaded font '../../../Engine/Content/Slate/Fonts/Roboto-Light.ttf' (167K)
[2020.10.21-18.10.35:067][ 24]LogAssetRegistry: Asset discovery search completed in 39.2290 seconds
[2020.10.21-18.10.35:071][ 24]LogCollectionManager: Fixed up redirectors for 0 collections in 0.000011 seconds (updated 0 objects)
[2020.10.21-18.15.41:851][337]LogSlate: Took 0.000144 seconds to synchronously load lazily loaded font '../../../Engine/Content/Slate/Fonts/Roboto-Light.ttf' (167K)
[2020.10.21-18.15.50:686][337]LogSlate: Window 'Pick Parent Class' being destroyed
[2020.10.21-18.18.51:767][590]LogUObjectHash: Compacting FUObjectHashTables data took   1.49ms
[2020.10.21-18.18.53:104][590]LogSlate: Window 'Delete Assets' being destroyed
[2020.10.21-18.18.53:220][590]LogUObjectHash: Compacting FUObjectHashTables data took   1.34ms
[2020.10.21-18.19.35:762][520]LogAssetEditorSubsystem: Opening Asset editor for WidgetBlueprint /Game/SideScrollerBP/Blueprints/YouWin.YouWin
[2020.10.21-18.19.36:189][520]LogContentBrowser: Native class hierarchy updated for 'BlueprintGraph' in 0.0005 seconds. Added 121 classes and 0 folders.
[2020.10.21-18.19.37:899][520]LogSlate: Took 0.014257 seconds to synchronously load lazily loaded font '../../../Engine/Content/Slate/Fonts/Roboto-BoldCondensed.ttf' (158K)
[2020.10.21-18.20.39:239][847]LogEditorTransaction: Undo Changed Anchors
[2020.10.21-18.20.39:768][858]Cmd: TRANSACTION UNDO
[2020.10.21-18.20.39:768][858]LogEditorTransaction: Undo Reset to Default
[2020.10.21-18.20.40:153][895]Cmd: TRANSACTION UNDO
[2020.10.21-18.20.40:153][895]LogEditorTransaction: Undo Reset to Default
[2020.10.21-18.20.40:429][922]Cmd: TRANSACTION UNDO
[2020.10.21-18.20.40:429][922]LogEditorTransaction: Undo Reset to Default
[2020.10.21-18.20.40:709][949]Cmd: TRANSACTION UNDO
[2020.10.21-18.20.40:709][949]LogEditorTransaction: Undo Reset to Default
[2020.10.21-18.20.41:478][ 32]Cmd: TRANSACTION UNDO
[2020.10.21-18.20.41:478][ 32]LogEditorTransaction: Undo Changed Anchors
[2020.10.21-18.20.41:893][ 73]Cmd: TRANSACTION UNDO
[2020.10.21-18.20.41:893][ 73]LogEditorTransaction: Undo Changed Anchors
[2020.10.21-18.20.42:331][118]Cmd: TRANSACTION UNDO
[2020.10.21-18.20.42:331][118]LogEditorTransaction: Undo Add Widget
[2020.10.21-18.21.09:220][455]LogUObjectHash: Compacting FUObjectHashTables data took   4.77ms
[2020.10.21-18.21.09:221][455]LogFileHelpers: Editor autosave (incl. sublevels) for '/Game/SideScrollerBP/Maps/SideScrollerExampleMap' took 0.068
[2020.10.21-18.21.09:221][455]OBJ SavePackage: Generating thumbnails for [0] asset(s) in package [/Game/SideScrollerBP/Blueprints/YouWin] ([1] browsable assets)...
[2020.10.21-18.21.09:221][455]OBJ SavePackage: Finished generating thumbnails for package [/Game/SideScrollerBP/Blueprints/YouWin]
[2020.10.21-18.21.09:260][455]LogSavePackage: Moving '../../../../MULT164/MULT164-KWILLARD-2/MULT164-KWILLARD-2/KWillardSideScroller/Saved/YouWin_Auto15FFBF67B4C2F2DA88E3D5E98ADBCDA91.tmp' to '../../../../MULT164/MULT164-KWILLARD-2/MULT164-KWILLARD-2/KWillardSideScroller/Saved/Autosaves/Game/SideScrollerBP/Blueprints/YouWin_Auto1.uasset'
[2020.10.21-18.21.09:290][455]LogFileHelpers: Auto-saving content packages took 0.070
[2020.10.21-18.21.49:984][485]LogEditorTransaction: Undo Edit Right
[2020.10.21-18.21.58:941][436]LogEditorTransaction: Undo Edit X
[2020.10.21-18.23.17:738][217]LogEditorTransaction: Undo Edit Text
[2020.10.21-18.23.17:762][217]LogOutputDevice: Warning: 

Script Stack (0 frames):

[2020.10.21-18.23.19:227][217]LogStats: FPlatformStackWalk::StackWalkAndDump -  1.464 s
[2020.10.21-18.23.19:227][217]LogOutputDevice: Error: === Handled ensure: ===
[2020.10.21-18.23.19:227][217]LogOutputDevice: Error: 
[2020.10.21-18.23.19:227][217]LogOutputDevice: Error: Ensure condition failed: !GIsTransacting [File:D:\Build\++UE4\Sync\Engine\Source\Editor\UnrealEd\Classes\Editor/TransBuffer.h] [Line: 72]
[2020.10.21-18.23.19:227][217]LogOutputDevice: Error: 
[2020.10.21-18.23.19:227][217]LogOutputDevice: Error: Stack: 
[2020.10.21-18.23.19:227][217]LogOutputDevice: Error: [Callstack] 0x000007febd35c918 UE4Editor-UnrealEd.dll!UnknownFunction []
[2020.10.21-18.23.19:227][217]LogOutputDevice: Error: [Callstack] 0x000007febc820cf0 UE4Editor-UnrealEd.dll!UnknownFunction []
[2020.10.21-18.23.19:227][217]LogOutputDevice: Error: [Callstack] 0x000007febc7d1e1a UE4Editor-UnrealEd.dll!UnknownFunction []
[2020.10.21-18.23.19:227][217]LogOutputDevice: Error: [Callstack] 0x000007feb91762e7 UE4Editor-PropertyEditor.dll!UnknownFunction []
[2020.10.21-18.23.19:227][217]LogOutputDevice: Error: [Callstack] 0x000007feb90a1f98 UE4Editor-PropertyEditor.dll!UnknownFunction []
[2020.10.21-18.23.19:227][217]LogOutputDevice: Error: [Callstack] 0x000007feb912f6d2 UE4Editor-PropertyEditor.dll!UnknownFunction []
[2020.10.21-18.23.19:227][217]LogOutputDevice: Error: [Callstack] 0x000007feb91c4f99 UE4Editor-PropertyEditor.dll!UnknownFunction []
[2020.10.21-18.23.19:227][217]LogOutputDevice: Error: [Callstack] 0x000007feac2e9bc3 UE4Editor-DetailCustomizations.dll!UnknownFunction []
[2020.10.21-18.23.19:227][217]LogOutputDevice: Error: [Callstack] 0x000007fec4dcb33a UE4Editor-EditorWidgets.dll!UnknownFunction []
[2020.10.21-18.23.19:228][217]LogOutputDevice: Error: [Callstack] 0x000007fec4daa2b9 UE4Editor-EditorWidgets.dll!UnknownFunction []
[2020.10.21-18.23.19:228][217]LogOutputDevice: Error: [Callstack] 0x000007fec41f0050 UE4Editor-Slate.dll!UnknownFunction []
[2020.10.21-18.23.19:228][217]LogOutputDevice: Error: [Callstack] 0x000007fec3fef418 UE4Editor-Slate.dll!UnknownFunction []
[2020.10.21-18.23.19:228][217]LogOutputDevice: Error: [Callstack] 0x000007fec3fefcfa UE4Editor-Slate.dll!UnknownFunction []
[2020.10.21-18.23.19:228][217]LogOutputDevice: Error: [Callstack] 0x000007fec3f98d05 UE4Editor-Slate.dll!UnknownFunction []
[2020.10.21-18.23.19:228][217]LogOutputDevice: Error: [Callstack] 0x000007feabad945c UE4Editor-UMGEditor.dll!UnknownFunction []
[2020.10.21-18.23.19:228][217]LogOutputDevice: Error: [Callstack] 0x000007feabb4d9c2 UE4Editor-UMGEditor.dll!UnknownFunction []
[2020.10.21-18.23.19:228][217]LogOutputDevice: Error: [Callstack] 0x000007feabb15e76 UE4Editor-UMGEditor.dll!UnknownFunction []
[2020.10.21-18.23.19:228][217]LogOutputDevice: Error: [Callstack] 0x000007feabad557b UE4Editor-UMGEditor.dll!UnknownFunction []
[2020.10.21-18.23.19:228][217]LogOutputDevice: Error: [Callstack] 0x000007feabc37c49 UE4Editor-UMGEditor.dll!UnknownFunction []
[2020.10.21-18.23.19:228][217]LogOutputDevice: Error: [Callstack] 0x000007feabc16e1b UE4Editor-UMGEditor.dll!UnknownFunction []
[2020.10.21-18.23.19:228][217]LogOutputDevice: Error: [Callstack] 0x000007feb9711b59 UE4Editor-Kismet.dll!UnknownFunction []
[2020.10.21-18.23.19:228][217]LogOutputDevice: Error: [Callstack] 0x000007febe8c4d6e UE4Editor-Engine.dll!UnknownFunction []
[2020.10.21-18.23.19:228][217]LogOutputDevice: Error: [Callstack] 0x000007febcb24ecd UE4Editor-UnrealEd.dll!UnknownFunction []
[2020.10.21-18.23.19:228][217]LogOutputDevice: Error: [Callstack] 0x000007feb97155f0 UE4Editor-Kismet.dll!UnknownFunction []
[2020.10.21-18.23.19:228][217]LogOutputDevice: Error: [Callstack] 0x000007febc7d22ad UE4Editor-UnrealEd.dll!UnknownFunction []
[2020.10.21-18.23.19:228][217]LogOutputDevice: Error: [Callstack] 0x000007febc7f73b6 UE4Editor-UnrealEd.dll!UnknownFunction []
[2020.10.21-18.23.19:228][217]LogOutputDevice: Error: [Callstack] 0x000007febc7e2d4c UE4Editor-UnrealEd.dll!UnknownFunction []
[2020.10.21-18.23.19:228][217]LogOutputDevice: Error: [Callstack] 0x000007febc87ea93 UE4Editor-UnrealEd.dll!UnknownFunction []
[2020.10.21-18.23.19:228][217]LogOutputDevice: Error: [Callstack] 0x000007febc81ec6f UE4Editor-UnrealEd.dll!UnknownFunction []
[2020.10.21-18.23.19:228][217]LogOutputDevice: Error: [Callstack] 0x000007feb97125c8 UE4Editor-Kismet.dll!UnknownFunction []
[2020.10.21-18.23.19:229][217]LogOutputDevice: Error: [Callstack] 0x000007fec3f99ada UE4Editor-Slate.dll!UnknownFunction []
[2020.10.21-18.23.19:229][217]LogOutputDevice: Error: [Callstack] 0x000007fec3fd03de UE4Editor-Slate.dll!UnknownFunction []
[2020.10.21-18.23.19:229][217]LogOutputDevice: Error: [Callstack] 0x000007febcff568e UE4Editor-UnrealEd.dll!UnknownFunction []
[2020.10.21-18.23.19:229][217]LogOutputDevice: Error: [Callstack] 0x000007febcfe3221 UE4Editor-UnrealEd.dll!UnknownFunction []
[2020.10.21-18.23.19:229][217]LogOutputDevice: Error: [Callstack] 0x000007fec3f61041 UE4Editor-Slate.dll!UnknownFunction []
[2020.10.21-18.23.19:229][217]LogOutputDevice: Error: [Callstack] 0x000007fec3fd224d UE4Editor-Slate.dll!UnknownFunction []
[2020.10.21-18.23.19:229][217]LogOutputDevice: Error: [Callstack] 0x000007fec3fc7b0f UE4Editor-Slate.dll!UnknownFunction []
[2020.10.21-18.23.19:229][217]LogOutputDevice: Error: [Callstack] 0x000007fef91a4918 UE4Editor-ApplicationCore.dll!UnknownFunction []
[2020.10.21-18.23.19:229][217]LogOutputDevice: Error: [Callstack] 0x000007fef919242f UE4Editor-ApplicationCore.dll!UnknownFunction []
[2020.10.21-18.23.19:229][217]LogOutputDevice: Error: [Callstack] 0x000007fef91a7195 UE4Editor-ApplicationCore.dll!UnknownFunction []
[2020.10.21-18.23.19:229][217]LogOutputDevice: Error: [Callstack] 0x000007fef918ec40 UE4Editor-ApplicationCore.dll!UnknownFunction []
[2020.10.21-18.23.19:229][217]LogOutputDevice: Error: [Callstack] 0x0000000077869ac1 USER32.dll!UnknownFunction []
[2020.10.21-18.23.19:229][217]LogOutputDevice: Error: [Callstack] 0x00000000778697de USER32.dll!UnknownFunction []
[2020.10.21-18.23.19:229][217]LogOutputDevice: Error: [Callstack] 0x000007fef91a8699 UE4Editor-ApplicationCore.dll!UnknownFunction []
[2020.10.21-18.23.19:229][217]LogOutputDevice: Error: [Callstack] 0x000000013f856db0 UE4Editor.exe!UnknownFunction []
[2020.10.21-18.23.19:229][217]LogOutputDevice: Error: [Callstack] 0x000000013f86c3ec UE4Editor.exe!UnknownFunction []
[2020.10.21-18.23.19:230][217]LogOutputDevice: Error: [Callstack] 0x000000013f86c4ca UE4Editor.exe!UnknownFunction []
[2020.10.21-18.23.19:230][217]LogOutputDevice: Error: [Callstack] 0x000000013f87ceae UE4Editor.exe!UnknownFunction []
[2020.10.21-18.23.19:230][217]LogOutputDevice: Error: [Callstack] 0x000000013f87fcbe UE4Editor.exe!UnknownFunction []
[2020.10.21-18.23.19:230][217]LogOutputDevice: Error: [Callstack] 0x000000007774556d kernel32.dll!UnknownFunction []
[2020.10.21-18.23.19:230][217]LogOutputDevice: Error: [Callstack] 0x00000000779a372d ntdll.dll!UnknownFunction []
[2020.10.21-18.23.19:230][217]LogOutputDevice: Error: 
[2020.10.21-18.23.19:236][217]LogStats:                SubmitErrorReport -  0.000 s
[2020.10.21-18.23.20:384][217]LogStats:                    SendNewReport -  1.148 s
[2020.10.21-18.23.20:384][217]LogStats:             FDebug::EnsureFailed -  2.621 s
[2020.10.21-18.23.20:404][217]Cmd: TRANSACTION UNDO
[2020.10.21-18.23.20:404][217]LogEditorTransaction: Undo Rename Widget
[2020.10.21-18.23.20:425][217]LogEditorTransaction: Undo Set Vector Property
[2020.10.21-18.23.21:529][327]Cmd: TRANSACTION UNDO
[2020.10.21-18.23.21:529][327]LogEditorTransaction: Undo Set Vector Property
[2020.10.21-18.23.26:834][865]LogEditorTransaction: Redo Set Vector Property
[2020.10.21-18.23.29:320][ 98]LogEditorTransaction: Redo Set Vector Property
[2020.10.21-18.23.43:188][633]LogEditorTransaction: Undo Edit Right
[2020.10.21-18.23.47:085][  3]LogEditorTransaction: Undo Edit Right
[2020.10.21-18.23.52:142][498]LogEditorTransaction: Undo Edit Left
[2020.10.21-18.24.04:676][438]LogEditorTransaction: Undo Edit Top
[2020.10.21-18.24.45:204][483]LogEditorTransaction: Undo Resize Widget
[2020.10.21-18.25.03:781][209]LogEditorTransaction: Undo Changed Anchors
[2020.10.21-18.25.04:159][217]LogEditorTransaction: Undo Move Widget
[2020.10.21-18.25.38:630][448]BlueprintLog: New page: Compile YouWin
[2020.10.21-18.25.38:692][448]LogUObjectHash: Compacting FUObjectHashTables data took   4.03ms
[2020.10.21-18.25.39:360][506]LogSavePackage: Moving '../../../../MULT164/MULT164-KWILLARD-2/MULT164-KWILLARD-2/KWillardSideScroller/Saved/YouWinE5EA1DDF4151E76CDA65E0ABD01E8DB3.tmp' to '../../../../MULT164/MULT164-KWILLARD-2/MULT164-KWILLARD-2/KWillardSideScroller/Content/SideScrollerBP/Blueprints/YouWin.uasset'
[2020.10.21-18.25.39:372][506]AssetCheck: New page: Asset Save: YouWin
[2020.10.21-18.25.39:372][506]LogContentValidation: Display: Validating WidgetBlueprint /Game/SideScrollerBP/Blueprints/YouWin.YouWin
[2020.10.21-18.26.27:996][501]LogSlate: Window 'Color Picker' being destroyed
[2020.10.21-18.26.34:932][253]LogEditorTransaction: Undo Edit Size
[2020.10.21-18.26.58:741][224]BlueprintLog: New page: Compile YouWin
[2020.10.21-18.26.58:778][224]LogUObjectHash: Compacting FUObjectHashTables data took   3.71ms
[2020.10.21-18.26.59:434][273]LogSavePackage: Moving '../../../../MULT164/MULT164-KWILLARD-2/MULT164-KWILLARD-2/KWillardSideScroller/Saved/YouWinC64185854AF5546BAF9157B72837C0DF.tmp' to '../../../../MULT164/MULT164-KWILLARD-2/MULT164-KWILLARD-2/KWillardSideScroller/Content/SideScrollerBP/Blueprints/YouWin.uasset'
[2020.10.21-18.26.59:450][273]AssetCheck: New page: Asset Save: YouWin
[2020.10.21-18.26.59:450][273]LogContentValidation: Display: Validating WidgetBlueprint /Game/SideScrollerBP/Blueprints/YouWin.YouWin
[2020.10.21-18.29.13:369][ 28]BlueprintLog: New page: Compile YouWin
[2020.10.21-18.29.13:407][ 28]LogUObjectHash: Compacting FUObjectHashTables data took   4.62ms
[2020.10.21-18.29.14:514][135]LogSavePackage: Moving '../../../../MULT164/MULT164-KWILLARD-2/MULT164-KWILLARD-2/KWillardSideScroller/Saved/YouWinA8B9F84B4124D9C36CAAD397BE2B53E9.tmp' to '../../../../MULT164/MULT164-KWILLARD-2/MULT164-KWILLARD-2/KWillardSideScroller/Content/SideScrollerBP/Blueprints/YouWin.uasset'
[2020.10.21-18.29.14:524][135]AssetCheck: New page: Asset Save: YouWin
[2020.10.21-18.29.14:524][135]LogContentValidation: Display: Validating WidgetBlueprint /Game/SideScrollerBP/Blueprints/YouWin.YouWin
